Symbol range map extraction starting
Processing 9 files
startProcessing "sora\holdyerbreath\HoldYerBreath.java" md5: 92d47d3cb5e102fa5bc4a27f95ffac74
Cache Hit!
endProcessing "sora\holdyerbreath\HoldYerBreath.java"

startProcessing "sora\holdyerbreath\init\ConfigHandler.java" md5: afa101f4cc617f65ebdb670f8b3eefe1
Cache Hit!
endProcessing "sora\holdyerbreath\init\ConfigHandler.java"

startProcessing "sora\holdyerbreath\init\ModItems.java" md5: 05ef83f87efbee6e0946f6f5e0884b54
Cache Hit!
endProcessing "sora\holdyerbreath\init\ModItems.java"

startProcessing "sora\holdyerbreath\init\RegistryHandler.java" md5: 6083eded956f14b816b0edebe5456cc0
Cache Hit!
endProcessing "sora\holdyerbreath\init\RegistryHandler.java"

startProcessing "sora\holdyerbreath\integration\BetterDiving.java" md5: 01e2b7446fbe7f0830c2c0f6c17f8891
Cache Hit!
endProcessing "sora\holdyerbreath\integration\BetterDiving.java"

startProcessing "sora\holdyerbreath\items\ItemAirBottle.java" md5: b03f2a87c9e9dd4a26c685367667226f
Cache Hit!
endProcessing "sora\holdyerbreath\items\ItemAirBottle.java"

startProcessing "sora\holdyerbreath\items\ItemEmptyAirBottle.java" md5: 26eb32d334c9d71eee9804827876567f
Cache Hit!
endProcessing "sora\holdyerbreath\items\ItemEmptyAirBottle.java"

startProcessing "sora\holdyerbreath\proxy\ClientProxy.java" md5: 0be0120c262c5ad8b626fff71c4fdd6c
Cache Hit!
endProcessing "sora\holdyerbreath\proxy\ClientProxy.java"

startProcessing "sora\holdyerbreath\proxy\CommonProxy.java" md5: 08e21611509e2c436c2817e08563f616
Cache Hit!
endProcessing "sora\holdyerbreath\proxy\CommonProxy.java"

