[00:57:28] [main/INFO]: Extra: []
[00:57:28] [main/INFO]: Running with arguments: [--tweakClass, net.minecraftforge.fml.common.launcher.FMLServerTweaker, --tweakClass, net.minecraftforge.gradle.tweakers.CoremodTweaker]
[00:57:28] [main/INFO]: Loading tweak class name net.minecraftforge.fml.common.launcher.FMLServerTweaker
[00:57:28] [main/INFO]: Using primary tweak class name net.minecraftforge.fml.common.launcher.FMLServerTweaker
[00:57:28] [main/INFO]: Loading tweak class name net.minecraftforge.gradle.tweakers.CoremodTweaker
[00:57:28] [main/INFO]: Calling tweak class net.minecraftforge.fml.common.launcher.FMLServerTweaker
[00:57:30] [main/INFO] [FML]: Forge Mod Loader version 14.23.4.2760 for Minecraft 1.12.2 loading
[00:57:30] [main/INFO] [FML]: Java is Java HotSpot(TM) 64-Bit Server VM, version 1.8.0_181, running on Windows 10:amd64:10.0, installed at C:\Program Files\Java\jdk1.8.0_181\jre
[00:57:30] [main/ERROR] [FML]: Apache Maven library folder was not in the format expected. Using default libraries directory.
[00:57:30] [main/ERROR] [FML]: Full: C:\Users\roxxa\.gradle\caches\modules-2\files-2.1\org.apache.maven\maven-artifact\3.5.3\7dc72b6d6d8a6dced3d294ed54c2cc3515ade9f4\maven-artifact-3.5.3.jar
[00:57:30] [main/ERROR] [FML]: Trimmed: c:/users/roxxa/.gradle/caches/modules-2/files-2.1/org.apache.maven/maven-artifact/3.5.3/
[00:57:30] [main/INFO] [FML]: Managed to load a deobfuscated Minecraft name- we are in a deobfuscated environment. Skipping runtime deobfuscation
[00:57:30] [main/INFO] [FML]: Ignoring missing certificate for coremod FMLCorePlugin (net.minecraftforge.fml.relauncher.FMLCorePlugin), we are in deobf and it's a forge core plugin
[00:57:30] [main/INFO] [FML]: Ignoring missing certificate for coremod FMLForgePlugin (net.minecraftforge.classloading.FMLForgePlugin), we are in deobf and it's a forge core plugin
[00:57:30] [main/INFO] [FML]: Searching E:\MOD DEVELOPMENT\1.12\Hold-Yer-Breath\run\.\mods for mods
[00:57:30] [main/INFO] [LaunchWrapper]: Calling tweak class net.minecraftforge.gradle.tweakers.CoremodTweaker
[00:57:30] [main/INFO] [GradleStart]: Injecting location in coremod net.minecraftforge.fml.relauncher.FMLCorePlugin
[00:57:30] [main/INFO] [GradleStart]: Injecting location in coremod net.minecraftforge.classloading.FMLForgePlugin
[00:57:30] [main/INFO] [LaunchWrapper]: Loading tweak class name net.minecraftforge.fml.common.launcher.FMLInjectionAndSortingTweaker
[00:57:30] [main/INFO] [LaunchWrapper]: Loading tweak class name net.minecraftforge.fml.common.launcher.FMLDeobfTweaker
[00:57:30] [main/INFO] [LaunchWrapper]: Loading tweak class name net.minecraftforge.gradle.tweakers.AccessTransformerTweaker
[00:57:30] [main/INFO] [LaunchWrapper]: Calling tweak class net.minecraftforge.fml.common.launcher.FMLInjectionAndSortingTweaker
[00:57:30] [main/INFO] [LaunchWrapper]: Calling tweak class net.minecraftforge.fml.common.launcher.FMLInjectionAndSortingTweaker
[00:57:30] [main/INFO] [LaunchWrapper]: Calling tweak class net.minecraftforge.fml.relauncher.CoreModManager$FMLPluginWrapper
[00:57:35] [main/ERROR] [FML]: FML appears to be missing any signature data. This is not a good thing
[00:57:35] [main/INFO] [LaunchWrapper]: Calling tweak class net.minecraftforge.fml.relauncher.CoreModManager$FMLPluginWrapper
[00:57:35] [main/INFO] [LaunchWrapper]: Calling tweak class net.minecraftforge.fml.common.launcher.FMLDeobfTweaker
[00:57:36] [main/INFO] [LaunchWrapper]: Calling tweak class net.minecraftforge.gradle.tweakers.AccessTransformerTweaker
[00:57:36] [main/INFO] [GradleStart]: Remapping AccessTransformer rules...
[00:57:36] [main/INFO] [LaunchWrapper]: Loading tweak class name net.minecraftforge.fml.common.launcher.TerminalTweaker
[00:57:36] [main/INFO] [LaunchWrapper]: Calling tweak class net.minecraftforge.fml.common.launcher.TerminalTweaker
[00:57:38] [main/INFO] [LaunchWrapper]: Launching wrapped minecraft {net.minecraft.server.MinecraftServer}
[00:57:38] [main/WARN] [net.minecraft.server.ServerEula]: Failed to load eula.txt
[00:57:38] [main/INFO] [net.minecraft.server.MinecraftServer]: You need to agree to the EULA in order to run the server. Go to eula.txt for more info.
